{"name":"hexo","hostname":"mbp13.local","pid":40747,"level":20,"msg":"Hexo version: \u001b[35m3.2.2\u001b[39m","time":"2017-03-13T02:37:59.461Z","v":0}
{"name":"hexo","hostname":"mbp13.local","pid":40747,"level":20,"msg":"Working directory: \u001b[35m/Volumes/android/icecoobe.github.io/\u001b[39m","time":"2017-03-13T02:37:59.463Z","v":0}
{"name":"hexo","hostname":"mbp13.local","pid":40747,"level":20,"msg":"Config loaded: \u001b[35m/Volumes/android/icecoobe.github.io/_config.yml\u001b[39m","time":"2017-03-13T02:37:59.549Z","v":0}
{"name":"hexo","hostname":"mbp13.local","pid":40747,"level":20,"msg":"Plugin loaded: \u001b[35mhexo-generator-index\u001b[39m","time":"2017-03-13T02:37:59.558Z","v":0}
{"name":"hexo","hostname":"mbp13.local","pid":40747,"level":20,"msg":"Plugin loaded: \u001b[35mhexo-generator-archive\u001b[39m","time":"2017-03-13T02:37:59.560Z","v":0}
{"name":"hexo","hostname":"mbp13.local","pid":40747,"level":20,"msg":"Plugin loaded: \u001b[35mhexo-generator-category\u001b[39m","time":"2017-03-13T02:37:59.561Z","v":0}
{"name":"hexo","hostname":"mbp13.local","pid":40747,"level":20,"msg":"Plugin loaded: \u001b[35mhexo-generator-tag\u001b[39m","time":"2017-03-13T02:37:59.562Z","v":0}
{"name":"hexo","hostname":"mbp13.local","pid":40747,"level":20,"msg":"Plugin loaded: \u001b[35mhexo-renderer-ejs\u001b[39m","time":"2017-03-13T02:37:59.565Z","v":0}
{"name":"hexo","hostname":"mbp13.local","pid":40747,"level":20,"msg":"Plugin loaded: \u001b[35mhexo-renderer-marked\u001b[39m","time":"2017-03-13T02:37:59.570Z","v":0}
{"name":"hexo","hostname":"mbp13.local","pid":40747,"level":20,"msg":"Plugin loaded: \u001b[35mhexo-renderer-stylus\u001b[39m","time":"2017-03-13T02:37:59.571Z","v":0}
{"name":"hexo","hostname":"mbp13.local","pid":40747,"level":20,"msg":"Plugin loaded: \u001b[35mhexo-server\u001b[39m","time":"2017-03-13T02:37:59.631Z","v":0}
{"name":"hexo","hostname":"mbp13.local","pid":40747,"level":20,"msg":"Loading database.","time":"2017-03-13T02:37:59.644Z","v":0}
{"name":"hexo","hostname":"mbp13.local","pid":40747,"level":30,"msg":"Start processing","time":"2017-03-13T02:37:59.713Z","v":0}
{"name":"hexo","hostname":"mbp13.local","pid":40747,"level":20,"msg":"Processed: \u001b[35m_posts/debug.log\u001b[39m","time":"2017-03-13T02:37:59.778Z","v":0}
{"name":"hexo","hostname":"mbp13.local","pid":40747,"level":20,"msg":"Processed: \u001b[35m_posts/C-pointer.md\u001b[39m","time":"2017-03-13T02:37:59.804Z","v":0}
{"name":"hexo","hostname":"mbp13.local","pid":40747,"level":20,"msg":"Processed: \u001b[35m_posts/hello-world.md\u001b[39m","time":"2017-03-13T02:37:59.804Z","v":0}
{"name":"hexo","hostname":"mbp13.local","pid":40747,"level":20,"msg":"Theme config loaded.","time":"2017-03-13T02:37:59.882Z","v":0}
{"name":"hexo","hostname":"mbp13.local","pid":40747,"level":20,"msg":"Processed: \u001b[35m_config.yml\u001b[39m","time":"2017-03-13T02:37:59.885Z","v":0}
{"name":"hexo","hostname":"mbp13.local","pid":40747,"level":20,"msg":"Processed: \u001b[35msource/css/duoshuo.css\u001b[39m","time":"2017-03-13T02:37:59.885Z","v":0}
{"name":"hexo","hostname":"mbp13.local","pid":40747,"level":20,"msg":"Processed: \u001b[35msource/css/duoshuo.min.css\u001b[39m","time":"2017-03-13T02:37:59.885Z","v":0}
{"name":"hexo","hostname":"mbp13.local","pid":40747,"level":20,"msg":"Processed: \u001b[35msource/css/gallery.min.css\u001b[39m","time":"2017-03-13T02:37:59.886Z","v":0}
{"name":"hexo","hostname":"mbp13.local","pid":40747,"level":20,"msg":"Processed: \u001b[35msource/css/ie-blocker.css\u001b[39m","time":"2017-03-13T02:37:59.886Z","v":0}
{"name":"hexo","hostname":"mbp13.local","pid":40747,"level":20,"msg":"Processed: \u001b[35msource/css/uc.css\u001b[39m","time":"2017-03-13T02:37:59.886Z","v":0}
{"name":"hexo","hostname":"mbp13.local","pid":40747,"level":20,"msg":"Processed: \u001b[35msource/fonts/MaterialIcons-Regular.woff2\u001b[39m","time":"2017-03-13T02:37:59.887Z","v":0}
{"name":"hexo","hostname":"mbp13.local","pid":40747,"level":20,"msg":"Processed: \u001b[35msource/fonts/MaterialIcons-Regular.woff\u001b[39m","time":"2017-03-13T02:37:59.887Z","v":0}
{"name":"hexo","hostname":"mbp13.local","pid":40747,"level":20,"msg":"Processed: \u001b[35msource/img/avatar.png\u001b[39m","time":"2017-03-13T02:37:59.887Z","v":0}
{"name":"hexo","hostname":"mbp13.local","pid":40747,"level":20,"msg":"Processed: \u001b[35msource/img/bg.png\u001b[39m","time":"2017-03-13T02:37:59.888Z","v":0}
{"name":"hexo","hostname":"mbp13.local","pid":40747,"level":20,"msg":"Processed: \u001b[35msource/img/favicon.png\u001b[39m","time":"2017-03-13T02:37:59.888Z","v":0}
{"name":"hexo","hostname":"mbp13.local","pid":40747,"level":20,"msg":"Processed: \u001b[35msource/img/logo.png\u001b[39m","time":"2017-03-13T02:37:59.888Z","v":0}
{"name":"hexo","hostname":"mbp13.local","pid":40747,"level":20,"msg":"Processed: \u001b[35msource/img/upyun_logo.png\u001b[39m","time":"2017-03-13T02:37:59.889Z","v":0}
{"name":"hexo","hostname":"mbp13.local","pid":40747,"level":20,"msg":"Processed: \u001b[35msource/img/sidebar_header.png\u001b[39m","time":"2017-03-13T02:37:59.889Z","v":0}
{"name":"hexo","hostname":"mbp13.local","pid":40747,"level":20,"msg":"Processed: \u001b[35msource/js/ie-blocker.en.js\u001b[39m","time":"2017-03-13T02:37:59.890Z","v":0}
{"name":"hexo","hostname":"mbp13.local","pid":40747,"level":20,"msg":"Processed: \u001b[35msource/js/ie-blocker.zhCN.js\u001b[39m","time":"2017-03-13T02:37:59.891Z","v":0}
{"name":"hexo","hostname":"mbp13.local","pid":40747,"level":20,"msg":"Processed: \u001b[35msource/js/lazyload.min.js\u001b[39m","time":"2017-03-13T02:37:59.891Z","v":0}
{"name":"hexo","hostname":"mbp13.local","pid":40747,"level":20,"msg":"Processed: \u001b[35msource/js/queue.js\u001b[39m","time":"2017-03-13T02:37:59.891Z","v":0}
{"name":"hexo","hostname":"mbp13.local","pid":40747,"level":20,"msg":"Processed: \u001b[35msource/js/nprogress.js\u001b[39m","time":"2017-03-13T02:37:59.892Z","v":0}
{"name":"hexo","hostname":"mbp13.local","pid":40747,"level":20,"msg":"Processed: \u001b[35msource/js/ripple.js\u001b[39m","time":"2017-03-13T02:37:59.892Z","v":0}
{"name":"hexo","hostname":"mbp13.local","pid":40747,"level":20,"msg":"Processed: \u001b[35msource/js/smoothscroll.js\u001b[39m","time":"2017-03-13T02:37:59.893Z","v":0}
{"name":"hexo","hostname":"mbp13.local","pid":40747,"level":20,"msg":"Processed: \u001b[35msource/css/material.min.css\u001b[39m","time":"2017-03-13T02:37:59.903Z","v":0}
{"name":"hexo","hostname":"mbp13.local","pid":40747,"level":20,"msg":"Processed: \u001b[35msource/css/style.css\u001b[39m","time":"2017-03-13T02:37:59.904Z","v":0}
{"name":"hexo","hostname":"mbp13.local","pid":40747,"level":20,"msg":"Processed: \u001b[35msource/css/style.min.css\u001b[39m","time":"2017-03-13T02:37:59.906Z","v":0}
{"name":"hexo","hostname":"mbp13.local","pid":40747,"level":20,"msg":"Processed: \u001b[35msource/fonts/FontAwesome.otf\u001b[39m","time":"2017-03-13T02:37:59.906Z","v":0}
{"name":"hexo","hostname":"mbp13.local","pid":40747,"level":20,"msg":"Processed: \u001b[35msource/fonts/MaterialIcons-Regular.ttf\u001b[39m","time":"2017-03-13T02:37:59.906Z","v":0}
{"name":"hexo","hostname":"mbp13.local","pid":40747,"level":20,"msg":"Processed: \u001b[35msource/fonts/fontawesome-webfont.eot\u001b[39m","time":"2017-03-13T02:37:59.908Z","v":0}
{"name":"hexo","hostname":"mbp13.local","pid":40747,"level":20,"msg":"Processed: \u001b[35msource/fonts/fontawesome-webfont.woff\u001b[39m","time":"2017-03-13T02:37:59.908Z","v":0}
{"name":"hexo","hostname":"mbp13.local","pid":40747,"level":20,"msg":"Processed: \u001b[35msource/fonts/fontawesome-webfont.woff2\u001b[39m","time":"2017-03-13T02:37:59.909Z","v":0}
{"name":"hexo","hostname":"mbp13.local","pid":40747,"level":20,"msg":"Processed: \u001b[35msource/img/daily_pic.png\u001b[39m","time":"2017-03-13T02:37:59.910Z","v":0}
{"name":"hexo","hostname":"mbp13.local","pid":40747,"level":20,"msg":"Processed: \u001b[35msource/js/js.js\u001b[39m","time":"2017-03-13T02:37:59.910Z","v":0}
{"name":"hexo","hostname":"mbp13.local","pid":40747,"level":20,"msg":"Processed: \u001b[35msource/js/jquery.min.js\u001b[39m","time":"2017-03-13T02:37:59.911Z","v":0}
{"name":"hexo","hostname":"mbp13.local","pid":40747,"level":20,"msg":"Processed: \u001b[35msource/js/js.min.js\u001b[39m","time":"2017-03-13T02:37:59.911Z","v":0}
{"name":"hexo","hostname":"mbp13.local","pid":40747,"level":20,"msg":"Processed: \u001b[35mlayout/index.ejs\u001b[39m","time":"2017-03-13T02:37:59.937Z","v":0}
{"name":"hexo","hostname":"mbp13.local","pid":40747,"level":20,"msg":"Processed: \u001b[35mlayout/layout.ejs\u001b[39m","time":"2017-03-13T02:37:59.937Z","v":0}
{"name":"hexo","hostname":"mbp13.local","pid":40747,"level":20,"msg":"Processed: \u001b[35mlayout/post.ejs\u001b[39m","time":"2017-03-13T02:37:59.937Z","v":0}
{"name":"hexo","hostname":"mbp13.local","pid":40747,"level":20,"msg":"Processed: \u001b[35mlanguages/ar.yml\u001b[39m","time":"2017-03-13T02:37:59.945Z","v":0}
{"name":"hexo","hostname":"mbp13.local","pid":40747,"level":20,"msg":"Processed: \u001b[35mlanguages/de.yml\u001b[39m","time":"2017-03-13T02:37:59.945Z","v":0}
{"name":"hexo","hostname":"mbp13.local","pid":40747,"level":20,"msg":"Processed: \u001b[35mlanguages/en.yml\u001b[39m","time":"2017-03-13T02:37:59.945Z","v":0}
{"name":"hexo","hostname":"mbp13.local","pid":40747,"level":20,"msg":"Processed: \u001b[35mlanguages/es.yml\u001b[39m","time":"2017-03-13T02:37:59.945Z","v":0}
{"name":"hexo","hostname":"mbp13.local","pid":40747,"level":20,"msg":"Processed: \u001b[35mlanguages/fr.yml\u001b[39m","time":"2017-03-13T02:37:59.945Z","v":0}
{"name":"hexo","hostname":"mbp13.local","pid":40747,"level":20,"msg":"Processed: \u001b[35mlanguages/ja.yml\u001b[39m","time":"2017-03-13T02:37:59.945Z","v":0}
{"name":"hexo","hostname":"mbp13.local","pid":40747,"level":20,"msg":"Processed: \u001b[35mlanguages/ms.yml\u001b[39m","time":"2017-03-13T02:37:59.945Z","v":0}
{"name":"hexo","hostname":"mbp13.local","pid":40747,"level":20,"msg":"Processed: \u001b[35mlanguages/pt-BR.yml\u001b[39m","time":"2017-03-13T02:37:59.945Z","v":0}
{"name":"hexo","hostname":"mbp13.local","pid":40747,"level":20,"msg":"Processed: \u001b[35mlanguages/zh-CN.yml\u001b[39m","time":"2017-03-13T02:37:59.946Z","v":0}
{"name":"hexo","hostname":"mbp13.local","pid":40747,"level":20,"msg":"Processed: \u001b[35mlanguages/zh-TW.yml\u001b[39m","time":"2017-03-13T02:37:59.946Z","v":0}
{"name":"hexo","hostname":"mbp13.local","pid":40747,"level":20,"msg":"Processed: \u001b[35msource/css/material.css\u001b[39m","time":"2017-03-13T02:37:59.946Z","v":0}
{"name":"hexo","hostname":"mbp13.local","pid":40747,"level":20,"msg":"Processed: \u001b[35msource/fonts/MaterialIcons-Regular.eot\u001b[39m","time":"2017-03-13T02:37:59.947Z","v":0}
{"name":"hexo","hostname":"mbp13.local","pid":40747,"level":20,"msg":"Processed: \u001b[35msource/fonts/fontawesome-webfont.ttf\u001b[39m","time":"2017-03-13T02:37:59.947Z","v":0}
{"name":"hexo","hostname":"mbp13.local","pid":40747,"level":20,"msg":"Processed: \u001b[35msource/img/footer/footer_ico-bilibili.png\u001b[39m","time":"2017-03-13T02:37:59.947Z","v":0}
{"name":"hexo","hostname":"mbp13.local","pid":40747,"level":20,"msg":"Processed: \u001b[35msource/img/footer/footer_ico-facebook.png\u001b[39m","time":"2017-03-13T02:37:59.947Z","v":0}
{"name":"hexo","hostname":"mbp13.local","pid":40747,"level":20,"msg":"Processed: \u001b[35msource/img/footer/footer_ico-github.png\u001b[39m","time":"2017-03-13T02:37:59.948Z","v":0}
{"name":"hexo","hostname":"mbp13.local","pid":40747,"level":20,"msg":"Processed: \u001b[35msource/img/footer/footer_ico-gplus.png\u001b[39m","time":"2017-03-13T02:37:59.948Z","v":0}
{"name":"hexo","hostname":"mbp13.local","pid":40747,"level":20,"msg":"Processed: \u001b[35msource/img/footer/footer_ico-instagram.png\u001b[39m","time":"2017-03-13T02:37:59.948Z","v":0}
{"name":"hexo","hostname":"mbp13.local","pid":40747,"level":20,"msg":"Processed: \u001b[35msource/img/footer/footer_ico-linkedin.png\u001b[39m","time":"2017-03-13T02:37:59.948Z","v":0}
{"name":"hexo","hostname":"mbp13.local","pid":40747,"level":20,"msg":"Processed: \u001b[35msource/img/footer/footer_ico-telegram.png\u001b[39m","time":"2017-03-13T02:37:59.949Z","v":0}
{"name":"hexo","hostname":"mbp13.local","pid":40747,"level":20,"msg":"Processed: \u001b[35msource/img/footer/footer_ico-tumblr.png\u001b[39m","time":"2017-03-13T02:37:59.949Z","v":0}
{"name":"hexo","hostname":"mbp13.local","pid":40747,"level":20,"msg":"Processed: \u001b[35msource/img/footer/footer_ico-twitter.png\u001b[39m","time":"2017-03-13T02:37:59.949Z","v":0}
{"name":"hexo","hostname":"mbp13.local","pid":40747,"level":20,"msg":"Processed: \u001b[35msource/img/footer/footer_ico-weibo.png\u001b[39m","time":"2017-03-13T02:37:59.949Z","v":0}
{"name":"hexo","hostname":"mbp13.local","pid":40747,"level":20,"msg":"Processed: \u001b[35msource/img/footer/footer_ico-zhihu.png\u001b[39m","time":"2017-03-13T02:37:59.949Z","v":0}
{"name":"hexo","hostname":"mbp13.local","pid":40747,"level":20,"msg":"Processed: \u001b[35msource/img/gallery/arrow.svg\u001b[39m","time":"2017-03-13T02:37:59.950Z","v":0}
{"name":"hexo","hostname":"mbp13.local","pid":40747,"level":20,"msg":"Processed: \u001b[35msource/img/gallery/close.svg\u001b[39m","time":"2017-03-13T02:37:59.950Z","v":0}
{"name":"hexo","hostname":"mbp13.local","pid":40747,"level":20,"msg":"Processed: \u001b[35msource/img/gallery/spinner.svg\u001b[39m","time":"2017-03-13T02:37:59.951Z","v":0}
{"name":"hexo","hostname":"mbp13.local","pid":40747,"level":20,"msg":"Processed: \u001b[35msource/js/gallery/jquery.poptrox.min.js\u001b[39m","time":"2017-03-13T02:37:59.951Z","v":0}
{"name":"hexo","hostname":"mbp13.local","pid":40747,"level":20,"msg":"Processed: \u001b[35msource/js/gallery/jquery.scrollstop.min.js\u001b[39m","time":"2017-03-13T02:37:59.951Z","v":0}
{"name":"hexo","hostname":"mbp13.local","pid":40747,"level":20,"msg":"Processed: \u001b[35msource/js/gallery/main.min.js\u001b[39m","time":"2017-03-13T02:37:59.952Z","v":0}
{"name":"hexo","hostname":"mbp13.local","pid":40747,"level":20,"msg":"Processed: \u001b[35msource/js/gallery/skel.min.js\u001b[39m","time":"2017-03-13T02:37:59.952Z","v":0}
{"name":"hexo","hostname":"mbp13.local","pid":40747,"level":20,"msg":"Processed: \u001b[35msource/js/gallery/util.min.js\u001b[39m","time":"2017-03-13T02:37:59.952Z","v":0}
{"name":"hexo","hostname":"mbp13.local","pid":40747,"level":20,"msg":"Processed: \u001b[35mlayout/_partial/Isolation-post-info.ejs\u001b[39m","time":"2017-03-13T02:37:59.958Z","v":0}
{"name":"hexo","hostname":"mbp13.local","pid":40747,"level":20,"msg":"Processed: \u001b[35msource/img/random/material-13.png\u001b[39m","time":"2017-03-13T02:37:59.959Z","v":0}
{"name":"hexo","hostname":"mbp13.local","pid":40747,"level":20,"msg":"Processed: \u001b[35msource/img/random/material-15.png\u001b[39m","time":"2017-03-13T02:37:59.959Z","v":0}
{"name":"hexo","hostname":"mbp13.local","pid":40747,"level":20,"msg":"Processed: \u001b[35msource/img/random/material-16.png\u001b[39m","time":"2017-03-13T02:37:59.959Z","v":0}
{"name":"hexo","hostname":"mbp13.local","pid":40747,"level":20,"msg":"Processed: \u001b[35msource/img/random/material-17.png\u001b[39m","time":"2017-03-13T02:37:59.960Z","v":0}
{"name":"hexo","hostname":"mbp13.local","pid":40747,"level":20,"msg":"Processed: \u001b[35msource/img/random/material-6.png\u001b[39m","time":"2017-03-13T02:37:59.960Z","v":0}
{"name":"hexo","hostname":"mbp13.local","pid":40747,"level":20,"msg":"Processed: \u001b[35msource/img/random/material-4.png\u001b[39m","time":"2017-03-13T02:37:59.960Z","v":0}
{"name":"hexo","hostname":"mbp13.local","pid":40747,"level":20,"msg":"Processed: \u001b[35mlayout/_partial/Paradox-post-info.ejs\u001b[39m","time":"2017-03-13T02:37:59.994Z","v":0}
{"name":"hexo","hostname":"mbp13.local","pid":40747,"level":20,"msg":"Processed: \u001b[35mlayout/_partial/Isolation-post_entry.ejs\u001b[39m","time":"2017-03-13T02:37:59.994Z","v":0}
{"name":"hexo","hostname":"mbp13.local","pid":40747,"level":20,"msg":"Processed: \u001b[35mlayout/_partial/Paradox-post-thumbnail.ejs\u001b[39m","time":"2017-03-13T02:37:59.995Z","v":0}
{"name":"hexo","hostname":"mbp13.local","pid":40747,"level":20,"msg":"Processed: \u001b[35mlayout/_partial/Paradox-post_entry-thumbnail.ejs\u001b[39m","time":"2017-03-13T02:37:59.995Z","v":0}
{"name":"hexo","hostname":"mbp13.local","pid":40747,"level":20,"msg":"Processed: \u001b[35mlayout/_partial/Paradox-post_entry.ejs\u001b[39m","time":"2017-03-13T02:37:59.995Z","v":0}
{"name":"hexo","hostname":"mbp13.local","pid":40747,"level":20,"msg":"Processed: \u001b[35mlayout/_partial/Paradox-search.ejs\u001b[39m","time":"2017-03-13T02:37:59.995Z","v":0}
{"name":"hexo","hostname":"mbp13.local","pid":40747,"level":20,"msg":"Processed: \u001b[35mlayout/_partial/blog_info.ejs\u001b[39m","time":"2017-03-13T02:37:59.995Z","v":0}
{"name":"hexo","hostname":"mbp13.local","pid":40747,"level":20,"msg":"Processed: \u001b[35mlayout/_partial/daily_pic.ejs\u001b[39m","time":"2017-03-13T02:37:59.995Z","v":0}
{"name":"hexo","hostname":"mbp13.local","pid":40747,"level":20,"msg":"Processed: \u001b[35mlayout/_partial/comment.ejs\u001b[39m","time":"2017-03-13T02:37:59.995Z","v":0}
{"name":"hexo","hostname":"mbp13.local","pid":40747,"level":20,"msg":"Processed: \u001b[35mlayout/_partial/footer-left.ejs\u001b[39m","time":"2017-03-13T02:37:59.995Z","v":0}
{"name":"hexo","hostname":"mbp13.local","pid":40747,"level":20,"msg":"Processed: \u001b[35mlayout/_partial/footer-option.ejs\u001b[39m","time":"2017-03-13T02:37:59.995Z","v":0}
{"name":"hexo","hostname":"mbp13.local","pid":40747,"level":20,"msg":"Processed: \u001b[35mlayout/_partial/footer_top.ejs\u001b[39m","time":"2017-03-13T02:37:59.995Z","v":0}
{"name":"hexo","hostname":"mbp13.local","pid":40747,"level":20,"msg":"Processed: \u001b[35mlayout/_partial/config_css.ejs\u001b[39m","time":"2017-03-13T02:37:59.995Z","v":0}
{"name":"hexo","hostname":"mbp13.local","pid":40747,"level":20,"msg":"Processed: \u001b[35mlayout/_partial/footer.ejs\u001b[39m","time":"2017-03-13T02:37:59.995Z","v":0}
{"name":"hexo","hostname":"mbp13.local","pid":40747,"level":20,"msg":"Processed: \u001b[35mlayout/_partial/head.ejs\u001b[39m","time":"2017-03-13T02:37:59.995Z","v":0}
{"name":"hexo","hostname":"mbp13.local","pid":40747,"level":20,"msg":"Processed: \u001b[35mlayout/_partial/import_js.ejs\u001b[39m","time":"2017-03-13T02:37:59.996Z","v":0}
{"name":"hexo","hostname":"mbp13.local","pid":40747,"level":20,"msg":"Processed: \u001b[35mlayout/_partial/isolate-sns_list.ejs\u001b[39m","time":"2017-03-13T02:37:59.996Z","v":0}
{"name":"hexo","hostname":"mbp13.local","pid":40747,"level":20,"msg":"Processed: \u001b[35mlayout/_partial/post-content.ejs\u001b[39m","time":"2017-03-13T02:37:59.996Z","v":0}
{"name":"hexo","hostname":"mbp13.local","pid":40747,"level":20,"msg":"Processed: \u001b[35mlayout/_partial/isolate_info.ejs\u001b[39m","time":"2017-03-13T02:37:59.996Z","v":0}
{"name":"hexo","hostname":"mbp13.local","pid":40747,"level":20,"msg":"Processed: \u001b[35mlayout/_partial/post-header.ejs\u001b[39m","time":"2017-03-13T02:37:59.996Z","v":0}
{"name":"hexo","hostname":"mbp13.local","pid":40747,"level":20,"msg":"Processed: \u001b[35mlayout/_partial/post-info-share.ejs\u001b[39m","time":"2017-03-13T02:37:59.996Z","v":0}
{"name":"hexo","hostname":"mbp13.local","pid":40747,"level":20,"msg":"Processed: \u001b[35mlayout/_partial/post-nav.ejs\u001b[39m","time":"2017-03-13T02:37:59.996Z","v":0}
{"name":"hexo","hostname":"mbp13.local","pid":40747,"level":20,"msg":"Processed: \u001b[35mlayout/_partial/sidebar-footer.ejs\u001b[39m","time":"2017-03-13T02:37:59.996Z","v":0}
{"name":"hexo","hostname":"mbp13.local","pid":40747,"level":20,"msg":"Processed: \u001b[35mlayout/_partial/sidebar-footer_image.ejs\u001b[39m","time":"2017-03-13T02:37:59.996Z","v":0}
{"name":"hexo","hostname":"mbp13.local","pid":40747,"level":20,"msg":"Processed: \u001b[35mlayout/_partial/sidebar-header.ejs\u001b[39m","time":"2017-03-13T02:37:59.996Z","v":0}
{"name":"hexo","hostname":"mbp13.local","pid":40747,"level":20,"msg":"Processed: \u001b[35mlayout/_partial/sidebar.ejs\u001b[39m","time":"2017-03-13T02:37:59.996Z","v":0}
{"name":"hexo","hostname":"mbp13.local","pid":40747,"level":20,"msg":"Processed: \u001b[35mlayout/_partial/sidebar-navigation.ejs\u001b[39m","time":"2017-03-13T02:37:59.996Z","v":0}
{"name":"hexo","hostname":"mbp13.local","pid":40747,"level":20,"msg":"Processed: \u001b[35mlayout/_partial/toc_button.ejs\u001b[39m","time":"2017-03-13T02:37:59.996Z","v":0}
{"name":"hexo","hostname":"mbp13.local","pid":40747,"level":20,"msg":"Processed: \u001b[35mlayout/_widget/disqus.ejs\u001b[39m","time":"2017-03-13T02:37:59.996Z","v":0}
{"name":"hexo","hostname":"mbp13.local","pid":40747,"level":20,"msg":"Processed: \u001b[35mlayout/_widget/disqus_click.ejs\u001b[39m","time":"2017-03-13T02:37:59.997Z","v":0}
{"name":"hexo","hostname":"mbp13.local","pid":40747,"level":20,"msg":"Processed: \u001b[35mlayout/_widget/duoshuo.ejs\u001b[39m","time":"2017-03-13T02:37:59.997Z","v":0}
{"name":"hexo","hostname":"mbp13.local","pid":40747,"level":20,"msg":"Processed: \u001b[35mlayout/_widget/leancloud-like.ejs\u001b[39m","time":"2017-03-13T02:37:59.997Z","v":0}
{"name":"hexo","hostname":"mbp13.local","pid":40747,"level":20,"msg":"Processed: \u001b[35mlayout/_widget/leancloud-views.ejs\u001b[39m","time":"2017-03-13T02:37:59.997Z","v":0}
{"name":"hexo","hostname":"mbp13.local","pid":40747,"level":20,"msg":"Processed: \u001b[35mlayout/_widget/leancloud-views_num.ejs\u001b[39m","time":"2017-03-13T02:37:59.997Z","v":0}
{"name":"hexo","hostname":"mbp13.local","pid":40747,"level":20,"msg":"Processed: \u001b[35mlayout/_widget/mathjax.ejs\u001b[39m","time":"2017-03-13T02:37:59.997Z","v":0}
{"name":"hexo","hostname":"mbp13.local","pid":40747,"level":20,"msg":"Processed: \u001b[35mlayout/_widget/nprogress.ejs\u001b[39m","time":"2017-03-13T02:37:59.997Z","v":0}
{"name":"hexo","hostname":"mbp13.local","pid":40747,"level":20,"msg":"Processed: \u001b[35mlayout/_widget/page-gallery.ejs\u001b[39m","time":"2017-03-13T02:37:59.997Z","v":0}
{"name":"hexo","hostname":"mbp13.local","pid":40747,"level":20,"msg":"Processed: \u001b[35mlayout/_widget/page-links.ejs\u001b[39m","time":"2017-03-13T02:37:59.997Z","v":0}
{"name":"hexo","hostname":"mbp13.local","pid":40747,"level":20,"msg":"Processed: \u001b[35mlayout/_widget/page-tagcloud.ejs\u001b[39m","time":"2017-03-13T02:37:59.997Z","v":0}
{"name":"hexo","hostname":"mbp13.local","pid":40747,"level":20,"msg":"Processed: \u001b[35mlayout/_widget/search-local-js.ejs\u001b[39m","time":"2017-03-13T02:37:59.997Z","v":0}
{"name":"hexo","hostname":"mbp13.local","pid":40747,"level":20,"msg":"Processed: \u001b[35mlayout/_widget/search-swiftype-js.ejs\u001b[39m","time":"2017-03-13T02:37:59.998Z","v":0}
{"name":"hexo","hostname":"mbp13.local","pid":40747,"level":20,"msg":"Processed: \u001b[35msource/img/random/material-10.png\u001b[39m","time":"2017-03-13T02:37:59.998Z","v":0}
{"name":"hexo","hostname":"mbp13.local","pid":40747,"level":20,"msg":"Processed: \u001b[35msource/img/random/material-12.png\u001b[39m","time":"2017-03-13T02:37:59.999Z","v":0}
{"name":"hexo","hostname":"mbp13.local","pid":40747,"level":20,"msg":"Processed: \u001b[35msource/img/random/material-3.png\u001b[39m","time":"2017-03-13T02:37:59.999Z","v":0}
{"name":"hexo","hostname":"mbp13.local","pid":40747,"level":20,"msg":"Processed: \u001b[35msource/img/random/material-9.png\u001b[39m","time":"2017-03-13T02:37:59.999Z","v":0}
{"name":"hexo","hostname":"mbp13.local","pid":40747,"level":20,"msg":"Processed: \u001b[35msource/fonts/fontawesome-webfont.svg\u001b[39m","time":"2017-03-13T02:38:00.004Z","v":0}
{"name":"hexo","hostname":"mbp13.local","pid":40747,"level":20,"msg":"Processed: \u001b[35msource/img/random/material-11.png\u001b[39m","time":"2017-03-13T02:38:00.005Z","v":0}
{"name":"hexo","hostname":"mbp13.local","pid":40747,"level":20,"msg":"Processed: \u001b[35msource/img/random/material-19.png\u001b[39m","time":"2017-03-13T02:38:00.006Z","v":0}
{"name":"hexo","hostname":"mbp13.local","pid":40747,"level":20,"msg":"Processed: \u001b[35msource/img/random/material-8.png\u001b[39m","time":"2017-03-13T02:38:00.006Z","v":0}
{"name":"hexo","hostname":"mbp13.local","pid":40747,"level":20,"msg":"Processed: \u001b[35msource/img/random/material-1.png\u001b[39m","time":"2017-03-13T02:38:00.008Z","v":0}
{"name":"hexo","hostname":"mbp13.local","pid":40747,"level":20,"msg":"Processed: \u001b[35msource/img/random/material-2.png\u001b[39m","time":"2017-03-13T02:38:00.008Z","v":0}
{"name":"hexo","hostname":"mbp13.local","pid":40747,"level":20,"msg":"Processed: \u001b[35msource/fonts/Roboto-Black.ttf\u001b[39m","time":"2017-03-13T02:38:00.010Z","v":0}
{"name":"hexo","hostname":"mbp13.local","pid":40747,"level":20,"msg":"Processed: \u001b[35msource/fonts/Roboto-Bold.ttf\u001b[39m","time":"2017-03-13T02:38:00.011Z","v":0}
{"name":"hexo","hostname":"mbp13.local","pid":40747,"level":20,"msg":"Processed: \u001b[35msource/fonts/Roboto-Regular.ttf\u001b[39m","time":"2017-03-13T02:38:00.011Z","v":0}
{"name":"hexo","hostname":"mbp13.local","pid":40747,"level":20,"msg":"Processed: \u001b[35msource/fonts/Roboto-Light.ttf\u001b[39m","time":"2017-03-13T02:38:00.011Z","v":0}
{"name":"hexo","hostname":"mbp13.local","pid":40747,"level":20,"msg":"Processed: \u001b[35msource/fonts/Roboto-Medium.ttf\u001b[39m","time":"2017-03-13T02:38:00.011Z","v":0}
{"name":"hexo","hostname":"mbp13.local","pid":40747,"level":20,"msg":"Processed: \u001b[35msource/fonts/Roboto-Thin.ttf\u001b[39m","time":"2017-03-13T02:38:00.011Z","v":0}
{"name":"hexo","hostname":"mbp13.local","pid":40747,"level":20,"msg":"Processed: \u001b[35msource/img/random/material-7.png\u001b[39m","time":"2017-03-13T02:38:00.016Z","v":0}
{"name":"hexo","hostname":"mbp13.local","pid":40747,"level":20,"msg":"Processed: \u001b[35msource/img/random/material-18.png\u001b[39m","time":"2017-03-13T02:38:00.017Z","v":0}
{"name":"hexo","hostname":"mbp13.local","pid":40747,"level":20,"msg":"Processed: \u001b[35msource/img/random/material-5.png\u001b[39m","time":"2017-03-13T02:38:00.017Z","v":0}
{"name":"hexo","hostname":"mbp13.local","pid":40747,"level":20,"msg":"Processed: \u001b[35msource/img/random/material-14.png\u001b[39m","time":"2017-03-13T02:38:00.018Z","v":0}
{"name":"hexo","hostname":"mbp13.local","pid":40747,"level":20,"msg":"Generator: \u001b[35mpage\u001b[39m","time":"2017-03-13T02:38:00.090Z","v":0}
{"name":"hexo","hostname":"mbp13.local","pid":40747,"level":20,"msg":"Generator: \u001b[35mpost\u001b[39m","time":"2017-03-13T02:38:00.091Z","v":0}
{"name":"hexo","hostname":"mbp13.local","pid":40747,"level":20,"msg":"Generator: \u001b[35mindex\u001b[39m","time":"2017-03-13T02:38:00.091Z","v":0}
{"name":"hexo","hostname":"mbp13.local","pid":40747,"level":20,"msg":"Generator: \u001b[35marchive\u001b[39m","time":"2017-03-13T02:38:00.091Z","v":0}
{"name":"hexo","hostname":"mbp13.local","pid":40747,"level":20,"msg":"Generator: \u001b[35mcategory\u001b[39m","time":"2017-03-13T02:38:00.092Z","v":0}
{"name":"hexo","hostname":"mbp13.local","pid":40747,"level":20,"msg":"Generator: \u001b[35mtag\u001b[39m","time":"2017-03-13T02:38:00.092Z","v":0}
{"name":"hexo","hostname":"mbp13.local","pid":40747,"level":20,"msg":"Generator: \u001b[35masset\u001b[39m","time":"2017-03-13T02:38:00.094Z","v":0}
{"name":"hexo","hostname":"mbp13.local","pid":40747,"level":30,"msg":"Hexo is running at \u001b[4mhttp://localhost:4000/\u001b[24m. Press Ctrl+C to stop.","time":"2017-03-13T02:38:00.098Z","v":0}
{"name":"hexo","hostname":"mbp13.local","pid":40747,"level":20,"msg":"Database saved","time":"2017-03-13T02:38:00.107Z","v":0}
{"name":"hexo","hostname":"mbp13.local","pid":40747,"level":20,"msg":"Rendering index: \u001b[35mindex.html\u001b[39m","time":"2017-03-13T02:38:04.676Z","v":0}
{"name":"hexo","hostname":"mbp13.local","pid":40747,"level":20,"msg":"Rendering post: \u001b[35m2017/03/13/C-pointer/index.html\u001b[39m","time":"2017-03-13T02:38:12.428Z","v":0}
{"name":"hexo","hostname":"mbp13.local","pid":40747,"level":30,"msg":"Bye!","time":"2017-03-13T02:39:19.236Z","v":0}
{"name":"hexo","hostname":"mbp13.local","pid":40747,"level":20,"msg":"Database saved","time":"2017-03-13T02:39:19.244Z","v":0}
